<?xml version="1.0" encoding="UTF-8"?>
<project xmlns="http://maven.apache.org/POM/4.0.0" xmlns:xsi="http://www.w3.org/2001/XMLSchema-instance"
         xsi:schemaLocation="http://maven.apache.org/POM/4.0.0 http://maven.apache.org/maven-v4_0_0.xsd">

    <modelVersion>4.0.0</modelVersion>
    <groupId>org.wildfly.plugins.tests</groupId>
    <version>1.0.0.Final-SNAPSHOT</version>
    <artifactId>test2</artifactId>
    <packaging>war</packaging>

    <name>WildFly bootable jar Example for tests</name>

    <dependencies>
        <dependency>
            <groupId>io.undertow</groupId>
            <artifactId>undertow-core</artifactId>
            <version>2.2.2.Final</version>
            <scope>provided</scope>
        </dependency>
        <dependency>
            <groupId>WF_GROUPID</groupId>
            <artifactId>wildfly-galleon-pack</artifactId>
            <version>WF_VERSION</version>
            <scope>provided</scope>
            <type>zip</type>
        </dependency>
        <dependency>
            <groupId>WF_GROUPID</groupId>
            <artifactId>wildfly-ee-galleon-pack</artifactId>
            <version>WF_EE_VERSION</version>
            <scope>provided</scope>
            <type>zip</type>
        </dependency>
        <dependency>
            <groupId>org.jboss.resteasy</groupId>
            <artifactId>resteasy-spring</artifactId>
            <scope>provided</scope>
            <version>3.15.0.Final</version>
        </dependency>
    </dependencies>
    <build>
        <finalName>test</finalName>
        <plugins>
            <plugin>
                <artifactId>wildfly-jar-maven-plugin</artifactId>
                <configuration>
                    <feature-packs>
                        <feature-pack>
                            <groupId>WF_GROUPID</groupId>
                            <artifactId>wildfly-galleon-pack</artifactId>
                        </feature-pack>
                    </feature-packs>
                    <layers>
                        <layer>jaxrs-server</layer>
                    </layers>
                    <overridden-server-artifacts>
                        <!-- undertow core -->
                        <artifact>
                            <groupId>io.undertow</groupId>
                            <artifactId>undertow-core</artifactId>
                        </artifact>
                        <artifact>
                            <groupId>WF_GROUPID</groupId>
                            <artifactId>wildfly-ee-galleon-pack</artifactId>
                        </artifact>
                        <artifact>
                            <groupId>org.jboss.resteasy</groupId>
                            <artifactId>resteasy-spring</artifactId>
                        </artifact>
                    </overridden-server-artifacts>
                    <server/>
                </configuration>
                
            </plugin>
        </plugins>
    </build>
</project>
